Enter reporting
30
>>>>>>>>
balanced_accuracy 59.75 0.67
cohen_kappa 52.24 0.6
f1_weighted 61.52 0.57
{'./checkpoint/finetune/base_iccc_all_test_b512ga_cross/classifier-v1.ckpt': {'balanced_accuracy': 0.5941917878383168,
                                                                              'cohen_kappa': 0.5180769849210338,
                                                                              'conf': array([[2903, 1544,  365,   86,  451,  498],
       [ 718, 5255,  342,  102,  222,  105],
       [ 266,  631, 2399,   94,   81,   51],
       [ 324,  691,  255, 2200,   56,   28],
       [ 577,  478,  100,    2, 1476,  476],
       [ 615,  314,   55,   43,  410, 1523]]),
                                                                              'f1_weighted': 0.6099051086680536},
 './checkpoint/finetune/base_iccc_all_test_b512ga_cross/classifier-v10.ckpt': {'balanced_accuracy': 0.5977471884649795,
                                                                               'cohen_kappa': 0.5189360526503956,
                                                                               'conf': array([[3121, 1310,  346,   69,  548,  453],
       [ 937, 4974,  354,  141,  234,  104],
       [ 312,  758, 2214,   99,  106,   33],
       [ 322,  633,  237, 2271,   51,   40],
       [ 521,  448,   89,    0, 1675,  376],
       [ 634,  274,   55,   41,  450, 1506]]),
                                                                               'f1_weighted': 0.6127733545074753},
 './checkpoint/finetune/base_iccc_all_test_b512ga_cross/classifier-v11.ckpt': {'balanced_accuracy': 0.5926065887162374,
                                                                               'cohen_kappa': 0.5178230447131646,
                                                                               'conf': array([[3130, 1455,  323,   52,  490,  397],
       [ 816, 5141,  325,  116,  232,  114],
       [ 316,  714, 2284,   75,   99,   34],
       [ 292,  708,  282, 2211,   36,   25],
       [ 626,  450,   80,    0, 1550,  403],
       [ 724,  260,   47,   47,  435, 1447]]),
                                                                               'f1_weighted': 0.6119094624459988},
 './checkpoint/finetune/base_iccc_all_test_b512ga_cross/classifier-v12.ckpt': {'balanced_accuracy': 0.5892066040022576,
                                                                               'cohen_kappa': 0.5177765805077011,
                                                                               'conf': array([[3310, 1332,  223,   25,  599,  358],
       [ 874, 5190,  271,   62,  254,   93],
       [ 432,  798, 2080,   47,  133,   32],
       [ 425,  723,  184, 2141,   46,   35],
       [ 652,  396,   48,    0, 1639,  374],
       [ 718,  234,   28,   24,  537, 1419]]),
                                                                               'f1_weighted': 0.6143368950485045},
 './checkpoint/finetune/base_iccc_all_test_b512ga_cross/classifier-v13.ckpt': {'balanced_accuracy': 0.5919357422070605,
                                                                               'cohen_kappa': 0.5132621359283128,
                                                                               'conf': array([[2809, 1432,  532,   90,  617,  367],
       [ 638, 5084,  441,  160,  336,   85],
       [ 235,  498, 2567,   95,   95,   32],
       [ 239,  667,  390, 2161,   76,   21],
       [ 486,  408,  131,    9, 1771,  304],
       [ 636,  291,   90,   34,  693, 1216]]),
                                                                               'f1_weighted': 0.6027459816073807},
 './checkpoint/finetune/base_iccc_all_test_b512ga_cross/classifier-v14.ckpt': {'balanced_accuracy': 0.5888227734555179,
                                                                               'cohen_kappa': 0.5132372088446968,
                                                                               'conf': array([[3173, 1367,  263,   89,  474,  481],
       [ 883, 5021,  313,  144,  228,  155],
       [ 448,  625, 2164,  105,  135,   45],
       [ 304,  639,  166, 2346,   61,   38],
       [ 688,  356,   68,   11, 1485,  501],
       [ 686,  265,   45,   42,  461, 1461]]),
                                                                               'f1_weighted': 0.6084804398651865},
 './checkpoint/finetune/base_iccc_all_test_b512ga_cross/classifier-v15.ckpt': {'balanced_accuracy': 0.5868647968447928,
                                                                               'cohen_kappa': 0.5182607884965893,
                                                                               'conf': array([[3740, 1087,  267,   41,  460,  252],
       [1193, 4880,  330,   72,  190,   79],
       [ 408,  711, 2205,   66,  102,   30],
       [ 510,  600,  170, 2207,   55,   12],
       [ 822,  384,   74,    0, 1477,  352],
       [ 896,  231,   50,   18,  475, 1290]]),
                                                                               'f1_weighted': 0.6153611401969281},
 './checkpoint/finetune/base_iccc_all_test_b512ga_cross/classifier-v16.ckpt': {'balanced_accuracy': 0.5971397921508049,
                                                                               'cohen_kappa': 0.5237938860490532,
                                                                               'conf': array([[3018, 1545,  345,   54,  456,  429],
       [ 713, 5311,  302,   72,  229,  117],
       [ 327,  686, 2309,   68,   82,   50],
       [ 289,  780,  139, 2260,   50,   36],
       [ 613,  455,   89,    5, 1513,  434],
       [ 629,  317,   47,   47,  437, 1483]]),
                                                                               'f1_weighted': 0.6163775717737928},
 './checkpoint/finetune/base_iccc_all_test_b512ga_cross/classifier-v17.ckpt': {'balanced_accuracy': 0.6009489767700694,
                                                                               'cohen_kappa': 0.5264839404781284,
                                                                               'conf': array([[3356, 1251,  271,   44,  559,  366],
       [1044, 4962,  295,   71,  275,   97],
       [ 306,  719, 2279,   59,  123,   36],
       [ 429,  638,  167, 2253,   51,   16],
       [ 663,  348,   75,    0, 1664,  359],
       [ 716,  250,   55,   44,  475, 1420]]),
                                                                               'f1_weighted': 0.6210715618975889},
 './checkpoint/finetune/base_iccc_all_test_b512ga_cross/classifier-v18.ckpt': {'balanced_accuracy': 0.5904442645505291,
                                                                               'cohen_kappa': 0.5137537848238614,
                                                                               'conf': array([[3008, 1415,  393,   65,  549,  417],
       [ 767, 5089,  375,  124,  290,   99],
       [ 280,  620, 2381,   98,   96,   47],
       [ 270,  659,  348, 2193,   47,   37],
       [ 582,  446,  111,    1, 1599,  370],
       [ 638,  306,   61,   48,  527, 1380]]),
                                                                               'f1_weighted': 0.6066541625072663},
 './checkpoint/finetune/base_iccc_all_test_b512ga_cross/classifier-v19.ckpt': {'balanced_accuracy': 0.6067234851109193,
                                                                               'cohen_kappa': 0.5320071285869747,
                                                                               'conf': array([[3418, 1199,  239,   71,  606,  314],
       [1063, 4898,  256,  117,  336,   74],
       [ 379,  692, 2192,   71,  163,   25],
       [ 437,  622,   92, 2327,   59,   17],
       [ 602,  306,   62,    0, 1878,  261],
       [ 712,  253,   31,   34,  603, 1327]]),
                                                                               'f1_weighted': 0.6255521719281535},
 './checkpoint/finetune/base_iccc_all_test_b512ga_cross/classifier-v2.ckpt': {'balanced_accuracy': 0.5955590482190702,
                                                                              'cohen_kappa': 0.5230201761406811,
                                                                              'conf': array([[3179, 1364,  300,   46,  579,  379],
       [ 802, 5170,  320,   79,  255,  118],
       [ 316,  658, 2340,   52,  122,   34],
       [ 386,  687,  266, 2134,   55,   26],
       [ 565,  409,   85,    0, 1655,  395],
       [ 667,  245,   54,   27,  588, 1379]]),
                                                                              'f1_weighted': 0.6159923003190775},
 './checkpoint/finetune/base_iccc_all_test_b512ga_cross/classifier-v20.ckpt': {'balanced_accuracy': 0.6049509032380448,
                                                                               'cohen_kappa': 0.5260643375584813,
                                                                               'conf': array([[2982, 1313,  459,  106,  669,  318],
       [ 772, 4951,  418,  184,  336,   83],
       [ 229,  493, 2538,  114,  110,   38],
       [ 284,  634,  293, 2253,   56,   34],
       [ 531,  318,  119,    6, 1840,  295],
       [ 633,  233,   82,   48,  664, 1300]]),
                                                                               'f1_weighted': 0.6146337517218524},
 './checkpoint/finetune/base_iccc_all_test_b512ga_cross/classifier-v21.ckpt': {'balanced_accuracy': 0.5941702860576706,
                                                                               'cohen_kappa': 0.5159295851526658,
                                                                               'conf': array([[3022, 1378,  441,  106,  507,  393],
       [ 824, 4977,  377,  209,  272,   85],
       [ 273,  530, 2491,  113,   74,   41],
       [ 249,  656,  342, 2217,   47,   43],
       [ 635,  394,  109,   16, 1603,  352],
       [ 691,  252,   82,   43,  520, 1372]]),
                                                                               'f1_weighted': 0.6074253438944752},
 './checkpoint/finetune/base_iccc_all_test_b512ga_cross/classifier-v22.ckpt': {'balanced_accuracy': 0.6037347073715996,
                                                                               'cohen_kappa': 0.5310154998301798,
                                                                               'conf': array([[3083, 1458,  320,   84,  561,  341],
       [ 700, 5216,  325,  123,  285,   95],
       [ 323,  642, 2359,   77,  101,   20],
       [ 277,  701,  117, 2384,   44,   31],
       [ 604,  407,   87,    4, 1667,  340],
       [ 709,  283,   55,   44,  552, 1317]]),
                                                                               'f1_weighted': 0.621551152065788},
 './checkpoint/finetune/base_iccc_all_test_b512ga_cross/classifier-v23.ckpt': {'balanced_accuracy': 0.6004243831609832,
                                                                               'cohen_kappa': 0.5232346523847854,
                                                                               'conf': array([[2840, 1484,  486,   89,  540,  408],
       [ 661, 5173,  431,  139,  250,   90],
       [ 228,  522, 2545,  105,   88,   34],
       [ 249,  723,  223, 2280,   47,   32],
       [ 514,  420,  136,    4, 1617,  418],
       [ 604,  304,   72,   70,  532, 1378]]),
                                                                               'f1_weighted': 0.6119233146187001},
 './checkpoint/finetune/base_iccc_all_test_b512ga_cross/classifier-v24.ckpt': {'balanced_accuracy': 0.6019060878570095,
                                                                               'cohen_kappa': 0.5255821230249628,
                                                                               'conf': array([[3097, 1383,  263,   47,  562,  495],
       [ 793, 5067,  310,  145,  289,  140],
       [ 348,  650, 2257,   70,  117,   80],
       [ 393,  591,  117, 2360,   60,   33],
       [ 593,  393,   63,    0, 1593,  467],
       [ 629,  256,   35,   26,  495, 1519]]),
                                                                               'f1_weighted': 0.6186849940231707},
 './checkpoint/finetune/base_iccc_all_test_b512ga_cross/classifier-v25.ckpt': {'balanced_accuracy': 0.5963899049543411,
                                                                               'cohen_kappa': 0.5201587122238986,
                                                                               'conf': array([[2896, 1525,  355,   54,  592,  425],
       [ 682, 5317,  328,   81,  233,  103],
       [ 281,  819, 2206,   64,  109,   43],
       [ 358,  709,  222, 2195,   36,   34],
       [ 529,  433,   82,    0, 1711,  354],
       [ 595,  289,   58,   48,  489, 1481]]),
                                                                               'f1_weighted': 0.6127589301088784},
 './checkpoint/finetune/base_iccc_all_test_b512ga_cross/classifier-v26.ckpt': {'balanced_accuracy': 0.6047755402730726,
                                                                               'cohen_kappa': 0.5291606409679122,
                                                                               'conf': array([[3147, 1293,  355,   72,  543,  437],
       [ 852, 5076,  357,   85,  253,  121],
       [ 283,  630, 2380,   71,  117,   41],
       [ 293,  719,  282, 2165,   56,   39],
       [ 600,  336,   88,    0, 1682,  403],
       [ 647,  241,   57,   38,  462, 1515]]),
                                                                               'f1_weighted': 0.6203516438142755},
 './checkpoint/finetune/base_iccc_all_test_b512ga_cross/classifier-v27.ckpt': {'balanced_accuracy': 0.607899613929078,
                                                                               'cohen_kappa': 0.5327483680835732,
                                                                               'conf': array([[3383, 1174,  310,  109,  504,  367],
       [1082, 4830,  323,  177,  239,   93],
       [ 319,  632, 2345,   94,   95,   37],
       [ 412,  493,  107, 2493,   33,   16],
       [ 681,  358,   95,    7, 1594,  374],
       [ 736,  239,   56,   67,  463, 1399]]),
                                                                               'f1_weighted': 0.6243310639967123},
 './checkpoint/finetune/base_iccc_all_test_b512ga_cross/classifier-v28.ckpt': {'balanced_accuracy': 0.6059641473226222,
                                                                               'cohen_kappa': 0.5306906168111911,
                                                                               'conf': array([[3211, 1265,  305,   78,  555,  433],
       [ 863, 5005,  345,  133,  275,  123],
       [ 325,  647, 2325,   80,  105,   40],
       [ 344,  641,  166, 2324,   44,   35],
       [ 613,  347,   87,    0, 1668,  394],
       [ 722,  168,   48,   41,  519, 1462]]),
                                                                               'f1_weighted': 0.6223143329671456},
 './checkpoint/finetune/base_iccc_all_test_b512ga_cross/classifier-v29.ckpt': {'balanced_accuracy': 0.5934862777540963,
                                                                               'cohen_kappa': 0.5201068261522674,
                                                                               'conf': array([[3570, 1089,  280,   77,  474,  357],
       [1177, 4766,  326,  147,  229,   99],
       [ 378,  637, 2283,   90,   99,   35],
       [ 430,  567,  165, 2325,   48,   19],
       [ 762,  378,   80,    1, 1459,  429],
       [ 803,  216,   45,   49,  450, 1397]]),
                                                                               'f1_weighted': 0.6154504148845665},
 './checkpoint/finetune/base_iccc_all_test_b512ga_cross/classifier-v3.ckpt': {'balanced_accuracy': 0.6083471229792988,
                                                                              'cohen_kappa': 0.5320504479659267,
                                                                              'conf': array([[3386, 1143,  323,   65,  532,  398],
       [1074, 4827,  345,  123,  266,  109],
       [ 289,  590, 2416,   73,  112,   42],
       [ 395,  650,  181, 2252,   48,   28],
       [ 631,  359,   81,    4, 1640,  394],
       [ 716,  217,   60,   37,  426, 1504]]),
                                                                              'f1_weighted': 0.6243468794875765},
 './checkpoint/finetune/base_iccc_all_test_b512ga_cross/classifier-v4.ckpt': {'balanced_accuracy': 0.581988099515318,
                                                                              'cohen_kappa': 0.5119823189901203,
                                                                              'conf': array([[3261, 1465,  358,   46,  482,  235],
       [ 800, 5226,  350,   70,  243,   55],
       [ 332,  729, 2311,   69,   67,   14],
       [ 353,  691,  360, 2093,   44,   13],
       [ 763,  429,   90,    3, 1563,  261],
       [ 830,  268,   63,   36,  545, 1218]]),
                                                                              'f1_weighted': 0.6071332486925426},
 './checkpoint/finetune/base_iccc_all_test_b512ga_cross/classifier-v5.ckpt': {'balanced_accuracy': 0.605817647539605,
                                                                              'cohen_kappa': 0.5270267111062463,
                                                                              'conf': array([[2845, 1480,  419,   86,  531,  486],
       [ 699, 5158,  382,  133,  264,  108],
       [ 266,  540, 2460,  108,  103,   45],
       [ 258,  730,  223, 2246,   50,   47],
       [ 529,  370,  103,    2, 1709,  396],
       [ 544,  302,   64,   46,  514, 1490]]),
                                                                              'f1_weighted': 0.6160845791718321},
 './checkpoint/finetune/base_iccc_all_test_b512ga_cross/classifier-v6.ckpt': {'balanced_accuracy': 0.5971832346603253,
                                                                              'cohen_kappa': 0.5190260328069751,
                                                                              'conf': array([[3007, 1414,  330,   82,  431,  583],
       [ 765, 5067,  375,  151,  239,  147],
       [ 273,  570, 2406,   89,  104,   80],
       [ 284,  700,  324, 2147,   42,   57],
       [ 596,  397,   83,    2, 1429,  602],
       [ 539,  283,   57,   37,  355, 1689]]),
                                                                              'f1_weighted': 0.6103809623074576},
 './checkpoint/finetune/base_iccc_all_test_b512ga_cross/classifier-v7.ckpt': {'balanced_accuracy': 0.5987443412991408,
                                                                              'cohen_kappa': 0.5231323969466449,
                                                                              'conf': array([[3001, 1462,  343,   80,  543,  418],
       [ 720, 5169,  331,  170,  259,   95],
       [ 285,  674, 2336,   94,   96,   37],
       [ 372,  599,  214, 2287,   60,   22],
       [ 556,  408,  106,    0, 1633,  406],
       [ 640,  283,   63,   44,  507, 1423]]),
                                                                              'f1_weighted': 0.6144915703212499},
 './checkpoint/finetune/base_iccc_all_test_b512ga_cross/classifier-v8.ckpt': {'balanced_accuracy': 0.5898633477690617,
                                                                              'cohen_kappa': 0.5185244483181255,
                                                                              'conf': array([[3624, 1063,  269,   40,  458,  393],
       [1175, 4860,  328,   94,  192,   95],
       [ 406,  734, 2226,   58,   71,   27],
       [ 422,  651,  228, 2173,   42,   38],
       [ 701,  386,   76,    0, 1489,  457],
       [ 756,  243,   52,   27,  472, 1410]]),
                                                                              'f1_weighted': 0.6146563501511564},
 './checkpoint/finetune/base_iccc_all_test_b512ga_cross/classifier-v9.ckpt': {'balanced_accuracy': 0.5993622892852314,
                                                                              'cohen_kappa': 0.5251553537911859,
                                                                              'conf': array([[3474, 1113,  298,   58,  576,  328],
       [1101, 4810,  353,   97,  297,   86],
       [ 334,  621, 2345,   64,  129,   29],
       [ 414,  617,  192, 2243,   61,   27],
       [ 653,  310,   70,    0, 1692,  384],
       [ 788,  220,   57,   37,  533, 1325]]),
                                                                              'f1_weighted': 0.6192412956987088},
 './checkpoint/finetune/base_iccc_all_test_b512ga_cross/classifier.ckpt': {'balanced_accuracy': 0.5981562567276807,
                                                                           'cohen_kappa': 0.5240575648796433,
                                                                           'conf': array([[3532, 1106,  267,   60,  544,  338],
       [1148, 4782,  342,  130,  264,   78],
       [ 371,  681, 2245,   75,  112,   38],
       [ 441,  568,  116, 2353,   54,   22],
       [ 708,  356,   77,    0, 1589,  379],
       [ 779,  220,   48,   30,  506, 1377]]),
                                                                           'f1_weighted': 0.6192772520382774}}
 & 4 & 51.2 & 58.2 & 60.71 \\
 & 2 & 52.3 & 59.56 & 61.6 \\
 & 0 & 52.41 & 59.82 & 61.93 \\
 & 1 & 51.81 & 59.42 & 60.99 \\
 & 5 & 52.7 & 60.58 & 61.61 \\
 & 3 & 53.21 & 60.83 & 62.43 \\
 & 6 & 51.9 & 59.72 & 61.04 \\
 & 7 & 52.31 & 59.87 & 61.45 \\
 & 8 & 51.85 & 58.99 & 61.47 \\
 & 12 & 51.78 & 58.92 & 61.43 \\
 & 10 & 51.89 & 59.77 & 61.28 \\
 & 9 & 52.52 & 59.94 & 61.92 \\
 & 11 & 51.78 & 59.26 & 61.19 \\
 & 13 & 51.33 & 59.19 & 60.27 \\
 & 14 & 51.32 & 58.88 & 60.85 \\
 & 15 & 51.83 & 58.69 & 61.54 \\
 & 16 & 52.38 & 59.71 & 61.64 \\
 & 20 & 52.61 & 60.5 & 61.46 \\
 & 17 & 52.65 & 60.09 & 62.11 \\
 & 18 & 51.38 & 59.04 & 60.67 \\
 & 19 & 53.2 & 60.67 & 62.56 \\
 & 21 & 51.59 & 59.42 & 60.74 \\
 & 22 & 53.1 & 60.37 & 62.16 \\
 & 23 & 52.32 & 60.04 & 61.19 \\
 & 24 & 52.56 & 60.19 & 61.87 \\
 & 28 & 53.07 & 60.6 & 62.23 \\
 & 26 & 52.92 & 60.48 & 62.04 \\
 & 27 & 53.27 & 60.79 & 62.43 \\
 & 25 & 52.02 & 59.64 & 61.28 \\
 & 29 & 52.01 & 59.35 & 61.55 \\
 & 4 & 51.19823189901203 & 58.19880995153181 & 60.71332486925426 \\
 & 2 & 52.302017614068106 & 59.55590482190702 & 61.59923003190775 \\
 & 0 & 52.405756487964325 & 59.81562567276807 & 61.92772520382774 \\
 & 1 & 51.807698492103384 & 59.41917878383168 & 60.99051086680536 \\
 & 5 & 52.702671110624635 & 60.5817647539605 & 61.608457917183216 \\
 & 3 & 53.205044796592674 & 60.83471229792988 & 62.43468794875765 \\
 & 6 & 51.90260328069751 & 59.71832346603253 & 61.038096230745765 \\
 & 7 & 52.313239694664496 & 59.87443412991408 & 61.44915703212499 \\
 & 8 & 51.85244483181255 & 58.98633477690617 & 61.46563501511564 \\
 & 12 & 51.777658050770114 & 58.920660400225756 & 61.433689504850456 \\
 & 10 & 51.893605265039554 & 59.774718846497954 & 61.27733545074753 \\
 & 9 & 52.515535379118596 & 59.936228928523136 & 61.92412956987088 \\
 & 11 & 51.782304471316465 & 59.26065887162374 & 61.19094624459988 \\
 & 13 & 51.32621359283128 & 59.19357422070605 & 60.274598160738066 \\
 & 14 & 51.32372088446968 & 58.88227734555179 & 60.848043986518654 \\
 & 15 & 51.82607884965893 & 58.68647968447927 & 61.53611401969281 \\
 & 16 & 52.379388604905316 & 59.71397921508049 & 61.637757177379285 \\
 & 20 & 52.60643375584812 & 60.495090323804476 & 61.463375172185245 \\
 & 17 & 52.64839404781284 & 60.09489767700694 & 62.107156189758896 \\
 & 18 & 51.37537848238614 & 59.044426455052914 & 60.665416250726636 \\
 & 19 & 53.20071285869747 & 60.67234851109193 & 62.55521719281535 \\
 & 21 & 51.59295851526659 & 59.417028605767065 & 60.74253438944752 \\
 & 22 & 53.10154998301798 & 60.37347073715996 & 62.155115206578806 \\
 & 23 & 52.32346523847854 & 60.04243831609833 & 61.19233146187001 \\
 & 24 & 52.55821230249628 & 60.19060878570095 & 61.86849940231707 \\
 & 28 & 53.06906168111911 & 60.59641473226222 & 62.231433296714556 \\
 & 26 & 52.91606409679122 & 60.47755402730726 & 62.035164381427556 \\
 & 27 & 53.27483680835732 & 60.7899613929078 & 62.43310639967123 \\
 & 25 & 52.01587122238986 & 59.63899049543411 & 61.27589301088784 \\
 & 29 & 52.01068261522674 & 59.34862777540963 & 61.545041488456654 \\
