loss 135.28 10.26
accuracy 59.94 1.22
balanced_accuracy 58.89 1.53
cohen_kappa 50.27 1.56
f1_weighted 59.97 1.31
unused_code 819600.0 0.0
 & 3 & 52.509258312394856 & 61.28830495270622 & 61.40277319940608 \\
 & 7 & 51.82611320183016 & 60.629527782430905 & 61.2446615269587 \\
 & 16 & 51.19811832402013 & 59.50151731846549 & 60.68136100037731 \\
 & 8 & 49.38971568091362 & 57.281863221752396 & 59.18322248582919 \\
 & 27 & 50.24712635436984 & 58.56369370528457 & 60.00516646360916 \\
 & 29 & 47.27060162617302 & 56.00514478622044 & 57.51025824015961 \\
 & 10 & 50.71098548843441 & 60.24744286032882 & 60.333303318112876 \\
 & 22 & 52.25476664419856 & 60.394592710701986 & 61.52056725988631 \\
 & 5 & 49.641917743264656 & 59.60868498843763 & 59.411780055241636 \\
 & 14 & 49.38429633967077 & 58.143594354458905 & 59.13813421702165 \\
 & 23 & 51.26651888376254 & 59.53927772635087 & 60.90328594521496 \\
 & 13 & 50.367379297906965 & 59.07606748986638 & 60.310130599013725 \\
 & 15 & 50.42278226839756 & 58.44494725289439 & 60.28316514007515 \\
 & 6 & 51.326536127120235 & 59.773768443118826 & 60.889367001544514 \\
 & 25 & 47.89314120929815 & 55.64558756800273 & 57.95665584781875 \\
 & 12 & 49.104978592369704 & 57.888444787559735 & 58.87956198215984 \\
 & 2 & 48.18859200626711 & 56.387295334229584 & 58.71963687842721 \\
 & 4 & 53.550404663145976 & 61.813653589721554 & 62.88471425070927 \\
 & 21 & 48.75909058262524 & 57.52587935832278 & 58.442599473455914 \\
 & 20 & 50.50548541653882 & 58.55247607735786 & 60.43461219970687 \\
 & 1 & 49.94366466277652 & 60.062964877102345 & 59.837329263289305 \\
 & 19 & 49.51877565024732 & 58.313848770252065 & 59.580647078616664 \\
 & 24 & 52.39169580193192 & 60.99091772075626 & 61.71546339533926 \\
 & 28 & 49.62674485207755 & 58.79924000348332 & 59.15990242431817 \\
 & 9 & 49.440710474020605 & 57.90652058980044 & 59.254091765328276 \\
 & 11 & 50.658794815243915 & 59.40899087867609 & 60.355078111551016 \\
 & 26 & 48.064511238167626 & 57.425980551394076 & 57.934469266435975 \\
 & 0 & 48.19177328871605 & 57.31861283451717 & 58.158526197678675 \\
 & 18 & 51.90961231429394 & 60.110767894001384 & 61.25502535225308 \\
 & 17 & 52.40418536642266 & 60.066500737251346 & 61.8195801471359 \\
